info  - Linting and checking validity of types...

./pages/auth/saml-idp.tsx
22:6  Warning: React Hook useEffect has missing dependencies: 'router.isReady' and 'router.query'. Either include them or remove the dependency array.  react-hooks/exhaustive-deps

./pages/auth/sso/[provider].tsx
114:19  Warning: Unexpected any. Specify a different type.  @typescript-eslint/no-explicit-any

./pages/auth/sso/direct.tsx
21:6  Warning: React Hook useEffect has a missing dependency: 'router'. Either include it or remove the dependency array.  react-hooks/exhaustive-deps
32:6  Warning: React Hook useEffect has missing dependencies: 'samlProductID' and 'samlTenantID'. Either include them or remove the dependency array.  react-hooks/exhaustive-deps

./pages/availability/troubleshoot.tsx
29:17  Warning: Forbidden non-null assertion.  @typescript-eslint/no-non-null-assertion

./pages/booking/[uid].tsx
105:5  Warning: 'changes' is assigned a value but never used. Allowed unused vars must match /^_/u.  @typescript-eslint/no-unused-vars
225:6  Warning: React Hook useEffect has missing dependencies: 'props.bookingInfo.endTime' and 'props.bookingInfo.startTime'. Either include them or remove the dependency array. If 'setCalculatedDuration' needs the current value of 'props.bookingInfo.endTime', you can also switch to useReducer instead of useState and read 'props.bookingInfo.endTime' in the reducer.  react-hooks/exhaustive-deps

./pages/event-types/[type]/index.tsx
273:6  Warning: React Hook useEffect has a missing dependency: 'formMethods'. Either include it or remove the dependency array.  react-hooks/exhaustive-deps
420:15  Warning: 'availability' is assigned a value but never used. Allowed unused vars must match /^_/u.  @typescript-eslint/no-unused-vars

./pages/event-types/index.tsx
396:69  Warning: Unexpected any. Specify a different type.  @typescript-eslint/no-explicit-any
396:84  Warning: Unexpected any. Specify a different type.  @typescript-eslint/no-explicit-any
796:6  Warning: React Hook useEffect has missing dependencies: 'open' and 'query?.openIntercom'. Either include them or remove the dependency array.  react-hooks/exhaustive-deps

./pages/settings/security/password.tsx
37:24  Warning: 'metadata' is defined but never used. Allowed unused args must match /^_/u.  @typescript-eslint/no-unused-vars

./pages/video/[uid].tsx
67:6  Warning: React Hook useEffect has missing dependencies: 'meetingPassword', 'meetingUrl', and 'onRecordingStopped'. Either include them or remove the dependency array.  react-hooks/exhaustive-deps
172:6  Warning: React Hook useEffect has a missing dependency: 'startingTime'. Either include it or remove the dependency array.  react-hooks/exhaustive-deps

./components/AppListCard.tsx
63:6  Warning: React Hook useEffect has missing dependencies: 'highlight', 'router', and 'shouldHighlight'. Either include them or remove the dependency array.  react-hooks/exhaustive-deps

./components/PageWrapper.tsx
18:12  Warning: Unexpected any. Specify a different type.  @typescript-eslint/no-explicit-any

./components/apps/AdditionalCalendarSelector.tsx
58:62  Warning: Unexpected any. Specify a different type.  @typescript-eslint/no-explicit-any

./components/apps/layouts/InstalledAppsLayout.tsx
56:5  Warning: 'actualTabs' is assigned a value but never used. Allowed unused vars must match /^_/u.  @typescript-eslint/no-unused-vars

./components/eventtype/EventTypeSingleLayout.tsx
78:89  Warning: 'availability' is assigned a value but never used. Allowed unused vars must match /^_/u.  @typescript-eslint/no-unused-vars
223:6  Warning: React Hook useMemo has missing dependencies: 'formMethods', 'isChildrenManagedEventType', and 'isManagedEventType'. Either include them or remove the dependency array.  react-hooks/exhaustive-deps

./components/eventtype/RequiresConfirmationController.tsx
42:6  Warning: React Hook useEffect has a missing dependency: 'formMethods'. Either include it or remove the dependency array.  react-hooks/exhaustive-deps

./components/getting-started/steps-views/UserProfile.tsx
27:46  Warning: Forbidden non-null assertion.  @typescript-eslint/no-non-null-assertion

./lib/QueryCell.tsx
69:34  Warning: Unexpected any. Specify a different type.  @typescript-eslint/no-explicit-any
91:45  Warning: Unexpected any. Specify a different type.  @typescript-eslint/no-explicit-any
91:50  Warning: Unexpected any. Specify a different type.  @typescript-eslint/no-explicit-any
93:32  Warning: Unexpected any. Specify a different type.  @typescript-eslint/no-explicit-any

./lib/types/inferSSRProps.ts
3:35  Warning: Unexpected any. Specify a different type.  @typescript-eslint/no-explicit-any
5:35  Warning: Unexpected any. Specify a different type.  @typescript-eslint/no-explicit-any
7:48  Warning: Unexpected any. Specify a different type.  @typescript-eslint/no-explicit-any

info  - Need to disable some ESLint rules? Learn more here: https://nextjs.org/docs/basic-features/eslint#disabling-rules

<--- Last few GCs --->

[23390:0x128078000]    45471 ms: Mark-sweep 2020.2 (2081.5) -> 2004.6 (2081.7) MB, 424.7 / 0.0 ms  (average mu = 0.180, current mu = 0.089) allocation failure; scavenge might not succeed
[23390:0x128078000]    45912 ms: Mark-sweep 2020.6 (2081.7) -> 2004.7 (2082.0) MB, 419.1 / 0.0 ms  (average mu = 0.120, current mu = 0.049) allocation failure; scavenge might not succeed


<--- JS stacktrace --->

FATAL ERROR: Ineffective mark-compacts near heap limit Allocation failed - JavaScript heap out of memory
 1: 0x100af8d00 node::Abort() [/Users/alish/.nvm/versions/node/v18.14.0/bin/node]
 2: 0x100af8ef0 node::ModifyCodeGenerationFromStrings(v8::Local<v8::Context>, v8::Local<v8::Value>, bool) [/Users/alish/.nvm/versions/node/v18.14.0/bin/node]
 3: 0x100c4f854 v8::internal::V8::FatalProcessOutOfMemory(v8::internal::Isolate*, char const*, bool) [/Users/alish/.nvm/versions/node/v18.14.0/bin/node]
 4: 0x100dfa7d0 v8::internal::EmbedderStackStateScope::EmbedderStackStateScope(v8::internal::Heap*, v8::internal::EmbedderStackStateScope::Origin, cppgc::EmbedderStackState) [/Users/alish/.nvm/versions/node/v18.14.0/bin/node]
 5: 0x100dfe3d8 v8::internal::Heap::CollectSharedGarbage(v8::internal::GarbageCollectionReason) [/Users/alish/.nvm/versions/node/v18.14.0/bin/node]
 6: 0x100dfb3cc v8::internal::Heap::PerformGarbageCollection(v8::internal::GarbageCollector, v8::internal::GarbageCollectionReason, char const*, v8::GCCallbackFlags) [/Users/alish/.nvm/versions/node/v18.14.0/bin/node]
 7: 0x100df8824 v8::internal::Heap::CollectGarbage(v8::internal::AllocationSpace, v8::internal::GarbageCollectionReason, v8::GCCallbackFlags) [/Users/alish/.nvm/versions/node/v18.14.0/bin/node]
 8: 0x100ded55c v8::internal::HeapAllocator::AllocateRawWithLightRetrySlowPath(int, v8::internal::AllocationType, v8::internal::AllocationOrigin, v8::internal::AllocationAlignment) [/Users/alish/.nvm/versions/node/v18.14.0/bin/node]
 9: 0x100dedd8c v8::internal::HeapAllocator::AllocateRawWithRetryOrFailSlowPath(int, v8::internal::AllocationType, v8::internal::AllocationOrigin, v8::internal::AllocationAlignment) [/Users/alish/.nvm/versions/node/v18.14.0/bin/node]
10: 0x100dd3bc0 v8::internal::Factory::NewFillerObject(int, v8::internal::AllocationAlignment, v8::internal::AllocationType, v8::internal::AllocationOrigin) [/Users/alish/.nvm/versions/node/v18.14.0/bin/node]
11: 0x101163740 v8::internal::Runtime_AllocateInYoungGeneration(int, unsigned long*, v8::internal::Isolate*) [/Users/alish/.nvm/versions/node/v18.14.0/bin/node]
12: 0x1014ad04c Builtins_CEntry_Return1_DontSaveFPRegs_ArgvOnStack_NoBuiltinExit [/Users/alish/.nvm/versions/node/v18.14.0/bin/node]
13: 0x106c4a070 
14: 0x106b0b948 
15: 0x1063f5da8 
16: 0x1062eec74 
17: 0x1062f69a8 
18: 0x1064615bc 
19: 0x106bd2aa8 
20: 0x106139b68 
21: 0x1065151c4 
22: 0x106b64cfc 
23: 0x1066d7448 
24: 0x10611afa4 
25: 0x1067973d4 
26: 0x106bd9b34 
27: 0x106593290 
28: 0x1063d40c4 
29: 0x106515f00 
30: 0x1064f3da0 
31: 0x101498b00 Builtins_SetPrototypeForEach [/Users/alish/.nvm/versions/node/v18.14.0/bin/node]
32: 0x1065b86e4 
33: 0x1065ab814 
34: 0x1065aaad0 
35: 0x1065a1450 
36: 0x106619ce4 
37: 0x1065a72f4 
38: 0x106391534 
39: 0x10631a4f0 
40: 0x106e7519c 
41: 0x10639074c 
42: 0x101438198 Builtins_InterpreterEntryTrampoline [/Users/alish/.nvm/versions/node/v18.14.0/bin/node]
43: 0x101438198 Builtins_InterpreterEntryTrampoline [/Users/alish/.nvm/versions/node/v18.14.0/bin/node]
44: 0x101438198 Builtins_InterpreterEntryTrampoline [/Users/alish/.nvm/versions/node/v18.14.0/bin/node]
45: 0x101469ef4 Builtins_AsyncFunctionAwaitResolveClosure [/Users/alish/.nvm/versions/node/v18.14.0/bin/node]
46: 0x1014f8738 Builtins_PromiseFulfillReactionJob [/Users/alish/.nvm/versions/node/v18.14.0/bin/node]
47: 0x10145bc4c Builtins_RunMicrotasks [/Users/alish/.nvm/versions/node/v18.14.0/bin/node]
48: 0x1014363a4 Builtins_JSRunMicrotasksEntry [/Users/alish/.nvm/versions/node/v18.14.0/bin/node]
49: 0x100d7bf74 v8::internal::(anonymous namespace)::Invoke(v8::internal::Isolate*, v8::internal::(anonymous namespace)::InvokeParams const&) [/Users/alish/.nvm/versions/node/v18.14.0/bin/node]
50: 0x100d7c464 v8::internal::(anonymous namespace)::InvokeWithTryCatch(v8::internal::Isolate*, v8::internal::(anonymous namespace)::InvokeParams const&) [/Users/alish/.nvm/versions/node/v18.14.0/bin/node]
51: 0x100d7c640 v8::internal::Execution::TryRunMicrotasks(v8::internal::Isolate*, v8::internal::MicrotaskQueue*, v8::internal::MaybeHandle<v8::internal::Object>*) [/Users/alish/.nvm/versions/node/v18.14.0/bin/node]
52: 0x100da2d8c v8::internal::MicrotaskQueue::RunMicrotasks(v8::internal::Isolate*) [/Users/alish/.nvm/versions/node/v18.14.0/bin/node]
53: 0x100da3624 v8::internal::MicrotaskQueue::PerformCheckpoint(v8::Isolate*) [/Users/alish/.nvm/versions/node/v18.14.0/bin/node]
54: 0x100a48c5c node::InternalCallbackScope::Close() [/Users/alish/.nvm/versions/node/v18.14.0/bin/node]
55: 0x100a487c4 node::InternalCallbackScope::~InternalCallbackScope() [/Users/alish/.nvm/versions/node/v18.14.0/bin/node]
56: 0x100afc4dc node::fs::FileHandle::CloseReq::Resolve() [/Users/alish/.nvm/versions/node/v18.14.0/bin/node]
57: 0x100b12670 node::fs::FileHandle::ClosePromise()::$_0::__invoke(uv_fs_s*) [/Users/alish/.nvm/versions/node/v18.14.0/bin/node]
58: 0x100af5108 node::MakeLibuvRequestCallback<uv_fs_s, void (*)(uv_fs_s*)>::Wrapper(uv_fs_s*) [/Users/alish/.nvm/versions/node/v18.14.0/bin/node]
59: 0x1014154dc uv__work_done [/Users/alish/.nvm/versions/node/v18.14.0/bin/node]
60: 0x101418c84 uv__async_io [/Users/alish/.nvm/versions/node/v18.14.0/bin/node]
61: 0x10142b428 uv__io_poll [/Users/alish/.nvm/versions/node/v18.14.0/bin/node]
62: 0x101419154 uv_run [/Users/alish/.nvm/versions/node/v18.14.0/bin/node]
63: 0x100a49704 node::SpinEventLoop(node::Environment*) [/Users/alish/.nvm/versions/node/v18.14.0/bin/node]
64: 0x100b35000 node::NodeMainInstance::Run() [/Users/alish/.nvm/versions/node/v18.14.0/bin/node]
65: 0x100ac60f8 node::LoadSnapshotDataAndRun(node::SnapshotData const**, node::InitializationResult const*) [/Users/alish/.nvm/versions/node/v18.14.0/bin/node]
66: 0x100ac637c node::Start(int, char**) [/Users/alish/.nvm/versions/node/v18.14.0/bin/node]
67: 0x1a3c73f28 start [/usr/lib/dyld]
